   1               		.file	"nrk_idle_task.c"
   2               	__SREG__ = 0x3f
   3               	__SP_H__ = 0x3e
   4               	__SP_L__ = 0x3d
   5               	__CCP__  = 0x34
   6               	__tmp_reg__ = 0
   7               	__zero_reg__ = 1
   8               		.global __do_copy_data
   9               		.global __do_clear_bss
  12               		.text
  13               	.Ltext0:
 138               	.global	nrk_idle_task
 140               	nrk_idle_task:
 141               		.stabd	46,0,0
   0:../../../src/kernel/source/nrk_idle_task.c **** /******************************************************************************
   1:../../../src/kernel/source/nrk_idle_task.c **** *  Nano-RK, a real-time operating system for sensor networks.
   2:../../../src/kernel/source/nrk_idle_task.c **** *  Copyright (C) 2007, Real-Time and Multimedia Lab, Carnegie Mellon University
   3:../../../src/kernel/source/nrk_idle_task.c **** *  All rights reserved.
   4:../../../src/kernel/source/nrk_idle_task.c **** *
   5:../../../src/kernel/source/nrk_idle_task.c **** *  This is the Open Source Version of Nano-RK included as part of a Dual
   6:../../../src/kernel/source/nrk_idle_task.c **** *  Licensing Model. If you are unsure which license to use please refer to:
   7:../../../src/kernel/source/nrk_idle_task.c **** *  http://www.nanork.org/nano-RK/wiki/Licensing
   8:../../../src/kernel/source/nrk_idle_task.c **** *
   9:../../../src/kernel/source/nrk_idle_task.c **** *  This program is free software: you can redistribute it and/or modify
  10:../../../src/kernel/source/nrk_idle_task.c **** *  it under the terms of the GNU General Public License as published by
  11:../../../src/kernel/source/nrk_idle_task.c **** *  the Free Software Foundation, version 2.0 of the License.
  12:../../../src/kernel/source/nrk_idle_task.c **** *
  13:../../../src/kernel/source/nrk_idle_task.c **** *  This program is distributed in the hope that it will be useful,
  14:../../../src/kernel/source/nrk_idle_task.c **** *  but WITHOUT ANY WARRANTY; without even the implied warranty of
  15:../../../src/kernel/source/nrk_idle_task.c **** *  MERCHANTABILITY or FITNESS FOR A PARTICULAR PURPOSE.  See the
  16:../../../src/kernel/source/nrk_idle_task.c **** *  GNU General Public License for more details.
  17:../../../src/kernel/source/nrk_idle_task.c **** *
  18:../../../src/kernel/source/nrk_idle_task.c **** *  You should have received a copy of the GNU General Public License
  19:../../../src/kernel/source/nrk_idle_task.c **** *  along with this program.  If not, see <http://www.gnu.org/licenses/>.
  20:../../../src/kernel/source/nrk_idle_task.c **** *
  21:../../../src/kernel/source/nrk_idle_task.c **** *  Contributing Authors (specific to this file):
  22:../../../src/kernel/source/nrk_idle_task.c **** *  Anthony Rowe
  23:../../../src/kernel/source/nrk_idle_task.c **** *******************************************************************************/
  24:../../../src/kernel/source/nrk_idle_task.c **** 
  25:../../../src/kernel/source/nrk_idle_task.c **** #include <nrk.h>
  26:../../../src/kernel/source/nrk_idle_task.c **** #include <nrk_idle_task.h>
  27:../../../src/kernel/source/nrk_idle_task.c **** #include <nrk_cpu.h>
  28:../../../src/kernel/source/nrk_idle_task.c **** #include <nrk_cfg.h>
  29:../../../src/kernel/source/nrk_idle_task.c **** #include <nrk_stack_check.h>
  30:../../../src/kernel/source/nrk_idle_task.c **** #include <nrk_error.h>
  31:../../../src/kernel/source/nrk_idle_task.c **** #include <nrk_timer.h>
  32:../../../src/kernel/source/nrk_idle_task.c **** #include <nrk_platform_time.h>
  33:../../../src/kernel/source/nrk_idle_task.c **** #include <nrk_scheduler.h>
  34:../../../src/kernel/source/nrk_idle_task.c **** #include <stdio.h>
  35:../../../src/kernel/source/nrk_idle_task.c **** 
  36:../../../src/kernel/source/nrk_idle_task.c **** void nrk_idle_task()
  37:../../../src/kernel/source/nrk_idle_task.c **** {
 143               	.LM0:
 144               	.LFBB1:
 145 0000 0F93      		push r16
 146 0002 1F93      		push r17
 147               	/* prologue: function */
 148               	/* frame size = 0 */
  38:../../../src/kernel/source/nrk_idle_task.c **** volatile unsigned char *stkc;
  39:../../../src/kernel/source/nrk_idle_task.c **** // unsigned int *stk ;  // 2 bytes
  40:../../../src/kernel/source/nrk_idle_task.c **** while(1)
  41:../../../src/kernel/source/nrk_idle_task.c **** {
  42:../../../src/kernel/source/nrk_idle_task.c **** 
  43:../../../src/kernel/source/nrk_idle_task.c ****   nrk_stack_check(); 
  44:../../../src/kernel/source/nrk_idle_task.c ****   
  45:../../../src/kernel/source/nrk_idle_task.c ****   if(_nrk_get_next_wakeup()<=NRK_SLEEP_WAKEUP_TIME) 
  46:../../../src/kernel/source/nrk_idle_task.c ****     {
  47:../../../src/kernel/source/nrk_idle_task.c **** 	    _nrk_cpu_state=CPU_IDLE;
 150               	.LM1:
 151 0004 01E0      		ldi r16,lo8(1)
  48:../../../src/kernel/source/nrk_idle_task.c **** 	    nrk_idle();
  49:../../../src/kernel/source/nrk_idle_task.c ****     }
  50:../../../src/kernel/source/nrk_idle_task.c ****     else {
  51:../../../src/kernel/source/nrk_idle_task.c **** 	#ifndef NRK_NO_POWER_DOWN
  52:../../../src/kernel/source/nrk_idle_task.c **** 	    // Allow last UART byte to get out
  53:../../../src/kernel/source/nrk_idle_task.c ****     	    nrk_spin_wait_us(10);  
  54:../../../src/kernel/source/nrk_idle_task.c **** 	    _nrk_cpu_state=CPU_SLEEP;
 153               	.LM2:
 154 0006 12E0      		ldi r17,lo8(2)
 155               	.L9:
  44:../../../src/kernel/source/nrk_idle_task.c ****   nrk_stack_check(); 
 157               	.LM3:
 158 0008 0E94 0000 		call nrk_stack_check
  46:../../../src/kernel/source/nrk_idle_task.c ****   if(_nrk_get_next_wakeup()<=NRK_SLEEP_WAKEUP_TIME) 
 160               	.LM4:
 161 000c 0E94 0000 		call _nrk_get_next_wakeup
 162 0010 8531      		cpi r24,lo8(21)
 163 0012 00F4      		brsh .L2
  48:../../../src/kernel/source/nrk_idle_task.c **** 	    nrk_idle();
 165               	.LM5:
 166 0014 0093 0000 		sts _nrk_cpu_state,r16
  49:../../../src/kernel/source/nrk_idle_task.c **** 	    nrk_idle();
 168               	.LM6:
 169 0018 0E94 0000 		call nrk_idle
 170 001c 00C0      		rjmp .L3
 171               	.L2:
  54:../../../src/kernel/source/nrk_idle_task.c ****     	    nrk_spin_wait_us(10);  
 173               	.LM7:
 174 001e 8AE0      		ldi r24,lo8(10)
 175 0020 90E0      		ldi r25,hi8(10)
 176 0022 0E94 0000 		call nrk_spin_wait_us
 178               	.LM8:
 179 0026 1093 0000 		sts _nrk_cpu_state,r17
  55:../../../src/kernel/source/nrk_idle_task.c **** 	    nrk_sleep();
 181               	.LM9:
 182 002a 0E94 0000 		call nrk_sleep
 183               	.L3:
  56:../../../src/kernel/source/nrk_idle_task.c **** 	#else
  57:../../../src/kernel/source/nrk_idle_task.c **** 	    nrk_idle();
  58:../../../src/kernel/source/nrk_idle_task.c **** 	#endif
  59:../../../src/kernel/source/nrk_idle_task.c ****     }
  60:../../../src/kernel/source/nrk_idle_task.c ****  
  61:../../../src/kernel/source/nrk_idle_task.c **** #ifdef NRK_STACK_CHECK
  62:../../../src/kernel/source/nrk_idle_task.c ****    if(nrk_idle_task_stk[0]!=STK_CANARY_VAL) nrk_error_add(NRK_STACK_SMASH);
 185               	.LM10:
 186 002e 8091 0000 		lds r24,nrk_idle_task_stk
 187 0032 8535      		cpi r24,lo8(85)
 188 0034 01F0      		breq .L4
 189 0036 88E0      		ldi r24,lo8(8)
 190 0038 0E94 0000 		call nrk_error_add
 191               	.L4:
  63:../../../src/kernel/source/nrk_idle_task.c ****    #ifdef KERNEL_STK_ARRAY
  64:../../../src/kernel/source/nrk_idle_task.c ****    	if(nrk_kernel_stk[0]!=STK_CANARY_VAL) nrk_error_add(NRK_STACK_SMASH);
  65:../../../src/kernel/source/nrk_idle_task.c ****    #else
  66:../../../src/kernel/source/nrk_idle_task.c ****    	stkc=(unsigned char*)(NRK_KERNEL_STK_TOP-NRK_KERNEL_STACKSIZE);
  67:../../../src/kernel/source/nrk_idle_task.c ****    	if(*stkc!=STK_CANARY_VAL) nrk_error_add(NRK_STACK_SMASH);
 193               	.LM11:
 194 003c 8091 7E10 		lds r24,4222
 195 0040 8535      		cpi r24,lo8(85)
 196 0042 01F0      		breq .L9
 197 0044 88E0      		ldi r24,lo8(8)
 198 0046 0E94 0000 		call nrk_error_add
 199 004a 00C0      		rjmp .L9
 201               	.Lscope1:
 203               		.stabd	78,0,0
 204               		.comm _nrk_signal_list,4,1
 205               		.comm nrk_idle_task_stk,128,1
 206               		.comm nrk_kernel_stk_ptr,2,1
 207               		.comm error_task,1,1
 208               		.comm error_num,1,1
 209               		.comm _nrk_prev_timer_val,1,1
 210               		.comm _nrk_time_trigger,1,1
 211               		.comm app_timer0_callback,2,1
 212               		.comm app_timer0_prescale,1,1
 213               		.comm _nrk_cpu_state,1,1
 214               		.comm next_next_wakeup,2,1
 227               	.Letext0:
DEFINED SYMBOLS
                            *ABS*:00000000 nrk_idle_task.c
     /tmp/ccypDhVr.s:2      *ABS*:0000003f __SREG__
     /tmp/ccypDhVr.s:3      *ABS*:0000003e __SP_H__
     /tmp/ccypDhVr.s:4      *ABS*:0000003d __SP_L__
     /tmp/ccypDhVr.s:5      *ABS*:00000034 __CCP__
     /tmp/ccypDhVr.s:6      *ABS*:00000000 __tmp_reg__
     /tmp/ccypDhVr.s:7      *ABS*:00000001 __zero_reg__
     /tmp/ccypDhVr.s:140    .text:00000000 nrk_idle_task
                            *COM*:00000001 _nrk_cpu_state
                            *COM*:00000080 nrk_idle_task_stk
                            *COM*:00000004 _nrk_signal_list
                            *COM*:00000002 nrk_kernel_stk_ptr
                            *COM*:00000001 error_task
                            *COM*:00000001 error_num
                            *COM*:00000001 _nrk_prev_timer_val
                            *COM*:00000001 _nrk_time_trigger
                            *COM*:00000002 app_timer0_callback
                            *COM*:00000001 app_timer0_prescale
                            *COM*:00000002 next_next_wakeup

UNDEFINED SYMBOLS
__do_copy_data
__do_clear_bss
nrk_stack_check
_nrk_get_next_wakeup
nrk_idle
nrk_spin_wait_us
nrk_sleep
nrk_error_add
