   1               		.file	"hal_rf_set_channel.c"
   2               	__SREG__ = 0x3f
   3               	__SP_H__ = 0x3e
   4               	__SP_L__ = 0x3d
   5               	__CCP__  = 0x34
   6               	__tmp_reg__ = 0
   7               	__zero_reg__ = 1
   8               		.global __do_copy_data
   9               		.global __do_clear_bss
  12               		.text
  13               	.Ltext0:
 118               	.global	halRfSetChannel
 120               	halRfSetChannel:
 121               		.stabd	46,0,0
   0:../../../src/radio/cc2420/source/hal_rf_set_channel.c **** /******************************************************************************
   1:../../../src/radio/cc2420/source/hal_rf_set_channel.c **** *  Nano-RK, a real-time operating system for sensor networks.
   2:../../../src/radio/cc2420/source/hal_rf_set_channel.c **** *  Copyright (C) 2007, Real-Time and Multimedia Lab, Carnegie Mellon University
   3:../../../src/radio/cc2420/source/hal_rf_set_channel.c **** *  All rights reserved.
   4:../../../src/radio/cc2420/source/hal_rf_set_channel.c **** *
   5:../../../src/radio/cc2420/source/hal_rf_set_channel.c **** *  This is the Open Source Version of Nano-RK included as part of a Dual
   6:../../../src/radio/cc2420/source/hal_rf_set_channel.c **** *  Licensing Model. If you are unsure which license to use please refer to:
   7:../../../src/radio/cc2420/source/hal_rf_set_channel.c **** *  http://www.nanork.org/nano-RK/wiki/Licensing
   8:../../../src/radio/cc2420/source/hal_rf_set_channel.c **** *
   9:../../../src/radio/cc2420/source/hal_rf_set_channel.c **** *  This program is free software: you can redistribute it and/or modify
  10:../../../src/radio/cc2420/source/hal_rf_set_channel.c **** *  it under the terms of the GNU General Public License as published by
  11:../../../src/radio/cc2420/source/hal_rf_set_channel.c **** *  the Free Software Foundation, version 2.0 of the License.
  12:../../../src/radio/cc2420/source/hal_rf_set_channel.c **** *
  13:../../../src/radio/cc2420/source/hal_rf_set_channel.c **** *  This program is distributed in the hope that it will be useful,
  14:../../../src/radio/cc2420/source/hal_rf_set_channel.c **** *  but WITHOUT ANY WARRANTY; without even the implied warranty of
  15:../../../src/radio/cc2420/source/hal_rf_set_channel.c **** *  MERCHANTABILITY or FITNESS FOR A PARTICULAR PURPOSE.  See the
  16:../../../src/radio/cc2420/source/hal_rf_set_channel.c **** *  GNU General Public License for more details.
  17:../../../src/radio/cc2420/source/hal_rf_set_channel.c **** *
  18:../../../src/radio/cc2420/source/hal_rf_set_channel.c **** *  You should have received a copy of the GNU General Public License
  19:../../../src/radio/cc2420/source/hal_rf_set_channel.c **** *  along with this program.  If not, see <http://www.gnu.org/licenses/>.
  20:../../../src/radio/cc2420/source/hal_rf_set_channel.c **** *
  21:../../../src/radio/cc2420/source/hal_rf_set_channel.c **** *  Contributing Authors (specific to this file):
  22:../../../src/radio/cc2420/source/hal_rf_set_channel.c **** *  Chipcon Development Team
  23:../../../src/radio/cc2420/source/hal_rf_set_channel.c **** *******************************************************************************/
  24:../../../src/radio/cc2420/source/hal_rf_set_channel.c **** 
  25:../../../src/radio/cc2420/source/hal_rf_set_channel.c **** 
  26:../../../src/radio/cc2420/source/hal_rf_set_channel.c **** #include <include.h>
  27:../../../src/radio/cc2420/source/hal_rf_set_channel.c **** #include <ulib.h>
  28:../../../src/radio/cc2420/source/hal_rf_set_channel.c **** 
  29:../../../src/radio/cc2420/source/hal_rf_set_channel.c **** 
  30:../../../src/radio/cc2420/source/hal_rf_set_channel.c **** 
  31:../../../src/radio/cc2420/source/hal_rf_set_channel.c **** //-------------------------------------------------------------------------------------------------
  32:../../../src/radio/cc2420/source/hal_rf_set_channel.c **** //	void halRfSetChannel(UINT8 Channel)
  33:../../../src/radio/cc2420/source/hal_rf_set_channel.c **** //
  34:../../../src/radio/cc2420/source/hal_rf_set_channel.c **** //	DESCRIPTION:
  35:../../../src/radio/cc2420/source/hal_rf_set_channel.c **** //		Programs CC2420 for a given IEEE 802.15.4 channel.
  36:../../../src/radio/cc2420/source/hal_rf_set_channel.c **** //		Note that SRXON, STXON or STXONCCA must be run for the new channel selection to take full effec
  37:../../../src/radio/cc2420/source/hal_rf_set_channel.c **** //
  38:../../../src/radio/cc2420/source/hal_rf_set_channel.c **** //	PARAMETERS:
  39:../../../src/radio/cc2420/source/hal_rf_set_channel.c **** //		UINT8 channel
  40:../../../src/radio/cc2420/source/hal_rf_set_channel.c **** //			The channel number (11-26)
  41:../../../src/radio/cc2420/source/hal_rf_set_channel.c **** //-------------------------------------------------------------------------------------------------
  42:../../../src/radio/cc2420/source/hal_rf_set_channel.c **** void halRfSetChannel(uint8_t channel)
  43:../../../src/radio/cc2420/source/hal_rf_set_channel.c **** {
 123               	.LM0:
 124               	.LFBB1:
 125               	/* prologue: function */
 126               	/* frame size = 0 */
  44:../../../src/radio/cc2420/source/hal_rf_set_channel.c ****     uint16_t f;
  45:../../../src/radio/cc2420/source/hal_rf_set_channel.c **** 
  46:../../../src/radio/cc2420/source/hal_rf_set_channel.c ****     // Derive frequency programming from the given channel number
  47:../../../src/radio/cc2420/source/hal_rf_set_channel.c ****     f = (uint16_t) (channel - 11); // Subtract the base channel
 128               	.LM1:
 129 0000 90E0      		ldi r25,lo8(0)
 130 0002 0B97      		sbiw r24,11
  48:../../../src/radio/cc2420/source/hal_rf_set_channel.c ****     f = f + (f << 2);    		 // Multiply with 5, which is the channel spacing
 132               	.LM2:
 133 0004 9C01      		movw r18,r24
 134 0006 2B59      		subi r18,lo8(-(16741))
 135 0008 3E4B      		sbci r19,hi8(-(16741))
 136 000a 880F      		lsl r24
 137 000c 991F      		rol r25
 138 000e 880F      		lsl r24
 139 0010 991F      		rol r25
  49:../../../src/radio/cc2420/source/hal_rf_set_channel.c ****     f = f + 357 + 0x4000;		 // 357 is 2405-2048, 0x4000 is LOCK_THR = 1
 141               	.LM3:
 142 0012 280F      		add r18,r24
 143 0014 391F      		adc r19,r25
  50:../../../src/radio/cc2420/source/hal_rf_set_channel.c **** 
  51:../../../src/radio/cc2420/source/hal_rf_set_channel.c ****     // Write it to the CC2420
  52:../../../src/radio/cc2420/source/hal_rf_set_channel.c ****     DISABLE_GLOBAL_INT();
 145               	.LM4:
 146               	/* #APP */
 147               	 ;  53 "../../../src/radio/cc2420/source/hal_rf_set_channel.c" 1
 148 0016 F894      		cli
 149               		
 150               	 ;  0 "" 2
  53:../../../src/radio/cc2420/source/hal_rf_set_channel.c ****     FASTSPI_SETREG(CC2420_FSCTRL, f);
 152               	.LM5:
 153               	/* #NOAPP */
 154 0018 C098      		cbi 56-32,0
 155 001a 88E1      		ldi r24,lo8(24)
 156 001c 8FB9      		out 47-32,r24
 157               	.L2:
 158 001e 779B      		sbis 46-32,7
 159 0020 00C0      		rjmp .L2
 160 0022 3FB9      		out 47-32,r19
 161               	.L3:
 162 0024 779B      		sbis 46-32,7
 163 0026 00C0      		rjmp .L3
 164 0028 2FB9      		out 47-32,r18
 165               	.L4:
 166 002a 779B      		sbis 46-32,7
 167 002c 00C0      		rjmp .L4
 168 002e C09A      		sbi 56-32,0
  54:../../../src/radio/cc2420/source/hal_rf_set_channel.c ****     ENABLE_GLOBAL_INT();
 170               	.LM6:
 171               	/* #APP */
 172               	 ;  55 "../../../src/radio/cc2420/source/hal_rf_set_channel.c" 1
 173 0030 7894      		sei
 174               		
 175               	 ;  0 "" 2
 176               	/* epilogue start */
  55:../../../src/radio/cc2420/source/hal_rf_set_channel.c **** 
  56:../../../src/radio/cc2420/source/hal_rf_set_channel.c **** } // rfSetChannel
 178               	.LM7:
 179               	/* #NOAPP */
 180 0032 0895      		ret
 182               	.Lscope1:
 184               		.stabd	78,0,0
 185               		.comm _nrk_signal_list,4,1
 188               	.Letext0:
DEFINED SYMBOLS
                            *ABS*:00000000 hal_rf_set_channel.c
     /tmp/cc9vBETW.s:2      *ABS*:0000003f __SREG__
     /tmp/cc9vBETW.s:3      *ABS*:0000003e __SP_H__
     /tmp/cc9vBETW.s:4      *ABS*:0000003d __SP_L__
     /tmp/cc9vBETW.s:5      *ABS*:00000034 __CCP__
     /tmp/cc9vBETW.s:6      *ABS*:00000000 __tmp_reg__
     /tmp/cc9vBETW.s:7      *ABS*:00000001 __zero_reg__
     /tmp/cc9vBETW.s:120    .text:00000000 halRfSetChannel
                            *COM*:00000004 _nrk_signal_list

UNDEFINED SYMBOLS
__do_copy_data
__do_clear_bss
